<?xml version="1.0" encoding="UTF-8"?>
<!-- Generated by org.testng.reporters.JUnitXMLReporter -->
<testsuite ignored="0" hostname="Karthikeyans-MacBook-Pro.local" failures="0" tests="3" name="Test" time="20.32" errors="0" timestamp="2021-11-21T09:50:37 IST">
  <testcase classname="tests.LoginPageTest" name="test1" time="1.702"/>
  <testcase classname="tests.LoginPageTest" name="test2" time="1.971"/>
  <testcase classname="tests.HomepageTest" name="test3" time="2.651"/>
</testsuite> <!-- Test -->
