<?xml version="1.0" encoding="UTF-8"?>
<!-- Generated by org.testng.reporters.JUnitXMLReporter -->
<testsuite ignored="0" hostname="Karthikeyans-MacBook-Pro.local" failures="0" tests="3" name="Test" time="16.295" errors="0" timestamp="2021-11-08T09:39:45 IST">
  <testcase classname="tests.LoginPageTest" name="test1" time="1.956"/>
  <testcase classname="tests.LoginPageTest" name="test2" time="1.049"/>
  <testcase classname="tests.HomepageTest" name="test3" time="1.563"/>
</testsuite> <!-- Test -->
